--------------------------------------------------------------------------------
      name:  <unnamed>
       log:  C:\Users\A.Melguizo001\Desktop\econometrics project\project_v1.log
  log type:  text
 opened on:  20 May 2026, 14:10:25

. capture ssc install estout

. 
. import delimited "econometrics_immigrants_v2.csv", clear
(encoding automatically selected: ISO-8859-1)
(30 vars, 415,921 obs)

. 
. //sum age sex_clean inctot_clean hhicome_clean ftotval_clean educ_clean ageati
> mmig years_since_immig, detail
. 
. //add the csv that has years since immig, and think about what other variables
>  to add
. 
. 
. // basic regression:
. gen ln_inctot = log(inctot_clean)

. 
. //eststo r1: reg ln_inctot ageatimmig, r
. 
. //cleaning
. *getting rid of NA values from hisp_clean
. replace hisp_clean = "." if hisp_clean == "NA"
(159 real changes made)

. destring hisp_clean, replace
hisp_clean: all characters numeric; replaced as byte
(159 missing values generated)

. 
. replace nativity_clean = "." if nativity_clean == "NA"
(4,190 real changes made)

. destring nativity_clean, replace
nativity_clean: all characters numeric; replaced as byte
(4190 missing values generated)

. 
. //complex regressions: 
. 
. //reg ln_inctot ageatimmig years_since_immig, r
. 
. reg ln_inctot ageatimmig years_since_immig i.hisp_clean i.race_clean i.educ_cl
> ean sex_clean, r

Linear regression                               Number of obs     =    415,762
                                                F(19, 415742)     =    3216.11
                                                Prob > F          =     0.0000
                                                R-squared         =     0.1253
                                                Root MSE          =     1.5189

-------------------------------------------------------------------------------
              |               Robust
    ln_inctot | Coefficient  std. err.      t    P>|t|     [95% conf. interval]
--------------+----------------------------------------------------------------
   ageatimmig |  -.0030931   .0002574   -12.02   0.000    -.0035976   -.0025887
years_since~g |   .0108914   .0002454    44.39   0.000     .0104105    .0113722
              |
   hisp_clean |
           1  |    -.09904    .008016   -12.36   0.000    -.1147512   -.0833288
           2  |  -.0877063   .0124921    -7.02   0.000    -.1121905   -.0632221
           3  |  -.0352403   .0146028    -2.41   0.016    -.0638613   -.0066193
           4  |  -.0620634   .0229165    -2.71   0.007     -.106979   -.0171478
           5  |  -.0273662   .0213141    -1.28   0.199    -.0691412    .0144089
           6  |  -.0788225   .0166651    -4.73   0.000    -.1114856   -.0461594
           7  |  -.0715708   .0172402    -4.15   0.000     -.105361   -.0377805
           8  |   .0112708   .0084186     1.34   0.181    -.0052294     .027771
              |
   race_clean |
           2  |   .0883118   .0086788    10.18   0.000     .0713017     .105322
           3  |  -.0522257   .0235681    -2.22   0.027    -.0984185    -.006033
           4  |  -.0052279   .0078946    -0.66   0.508     -.020701    .0102452
           5  |   .0165783   .0208846     0.79   0.427     -.024355    .0575115
              |
   educ_clean |
           1  |   .2034369    .006264    32.48   0.000     .1911597     .215714
           2  |    .374669   .0074772    50.11   0.000     .3600139    .3893241
           3  |   .6821325   .0082537    82.65   0.000     .6659555    .6983095
           4  |   1.153964    .009168   125.87   0.000     1.135995    1.171934
              |
    sex_clean |  -.8275549     .00493  -167.86   0.000    -.8372175   -.8178923
        _cons |   9.585826   .0129638   739.43   0.000     9.560417    9.611234
-------------------------------------------------------------------------------

. 
. //
. esttab

----------------------------
                      (1)   
                ln_inctot   
----------------------------
ageatimmig       -0.00309***
                 (-12.02)   

years_sinc~g       0.0109***
                  (44.39)   

0.hisp_clean            0   
                      (.)   

1.hisp_clean      -0.0990***
                 (-12.36)   

2.hisp_clean      -0.0877***
                  (-7.02)   

3.hisp_clean      -0.0352*  
                  (-2.41)   

4.hisp_clean      -0.0621** 
                  (-2.71)   

5.hisp_clean      -0.0274   
                  (-1.28)   

6.hisp_clean      -0.0788***
                  (-4.73)   

7.hisp_clean      -0.0716***
                  (-4.15)   

8.hisp_clean       0.0113   
                   (1.34)   

1.race_clean            0   
                      (.)   

2.race_clean       0.0883***
                  (10.18)   

3.race_clean      -0.0522*  
                  (-2.22)   

4.race_clean     -0.00523   
                  (-0.66)   

5.race_clean       0.0166   
                   (0.79)   

0.educ_clean            0   
                      (.)   

1.educ_clean        0.203***
                  (32.48)   

2.educ_clean        0.375***
                  (50.11)   

3.educ_clean        0.682***
                  (82.65)   

4.educ_clean        1.154***
                 (125.87)   

sex_clean          -0.828***
                (-167.86)   

_cons               9.586***
                 (739.43)   
----------------------------
N                  415762   
----------------------------
t statistics in parentheses
* p<0.05, ** p<0.01, *** p<0.001

. 
. 
. 
. 
. 
. 
. 
. 
end of do-file

. do "C:\Users\LOCAL_~1.MEL\Temp\STD324c_00000n.tmp"

. reg ln_inctot ageatimmig years_since_immig i.hisp_clean i.race_clean i.educ_clean s
> ex_clean i.citizen_clean, r

Linear regression                               Number of obs     =    415,762
                                                F(21, 415740)     =    2977.75
                                                Prob > F          =     0.0000
                                                R-squared         =     0.1281
                                                Root MSE          =     1.5164

-----------------------------------------------------------------------------------
                  |               Robust
        ln_inctot | Coefficient  std. err.      t    P>|t|     [95% conf. interval]
------------------+----------------------------------------------------------------
       ageatimmig |  -.0036467   .0002607   -13.99   0.000    -.0041576   -.0031357
years_since_immig |   .0073474    .000261    28.16   0.000     .0068359    .0078588
                  |
       hisp_clean |
               1  |  -.0722449   .0081756    -8.84   0.000    -.0882688    -.056221
               2  |  -.0751657   .0153608    -4.89   0.000    -.1052724   -.0450591
               3  |  -.0403933   .0146353    -2.76   0.006    -.0690781   -.0117085
               4  |  -.0742668   .0229257    -3.24   0.001    -.1192005   -.0293331
               5  |  -.0042787     .02137    -0.20   0.841    -.0461633    .0376059
               6  |  -.0574684    .016719    -3.44   0.001    -.0902371   -.0246996
               7  |  -.0741823   .0172516    -4.30   0.000    -.1079949   -.0403698
               8  |   .0213592   .0085109     2.51   0.012      .004678    .0380404
                  |
       race_clean |
               2  |   .0717316   .0087168     8.23   0.000     .0546468    .0888163
               3  |  -.0542435   .0234834    -2.31   0.021    -.1002702   -.0082167
               4  |  -.0220651   .0079608    -2.77   0.006    -.0376681   -.0064621
               5  |   .0230781   .0209036     1.10   0.270    -.0178924    .0640486
                  |
       educ_clean |
               1  |   .1789837   .0062944    28.44   0.000      .166647    .1913205
               2  |   .3361472   .0075641    44.44   0.000     .3213219    .3509725
               3  |   .6420977   .0083603    76.80   0.000     .6257118    .6584836
               4  |   1.122857   .0092179   121.81   0.000      1.10479    1.140924
                  |
        sex_clean |  -.8347357    .004936  -169.11   0.000    -.8444102   -.8250613
                  |
    citizen_clean |
               1  |   .1058177   .0118811     8.91   0.000     .0825312    .1291043
               2  |   .2107437   .0057762    36.49   0.000     .1994227    .2220648
                  |
            _cons |   9.599984   .0131076   732.40   0.000     9.574294    9.625674
-----------------------------------------------------------------------------------

. 
end of do-file

. do "C:\Users\LOCAL_~1.MEL\Temp\STD324c_00000o.tmp"

. gen hispXsex = hisp_clean * sex_clean
(159 missing values generated)

. 
. reg ln_inctot ageatimmig years_since_immig i.hisp_clean i.race_clean i.educ_clean s
> ex_clean i.citizen_clean i.hispXsex, r

Linear regression                               Number of obs     =    415,762
                                                F(29, 415732)     =    2203.74
                                                Prob > F          =     0.0000
                                                R-squared         =     0.1288
                                                Root MSE          =     1.5159

-----------------------------------------------------------------------------------
                  |               Robust
        ln_inctot | Coefficient  std. err.      t    P>|t|     [95% conf. interval]
------------------+----------------------------------------------------------------
       ageatimmig |  -.0036572   .0002608   -14.02   0.000    -.0041684   -.0031461
years_since_immig |    .007336   .0002608    28.12   0.000     .0068248    .0078472
                  |
       hisp_clean |
               1  |  -.0543794   .0078685    -6.91   0.000    -.0698014   -.0389573
               2  |  -.2159316    .017651   -12.23   0.000    -.2505269   -.1813362
               3  |  -.1532703   .0162413    -9.44   0.000    -.1851028   -.1214379
               4  |    -.21041    .027146    -7.75   0.000    -.2636153   -.1572047
               5  |  -.0207254   .0200063    -1.04   0.300    -.0599372    .0184864
               6  |  -.0726358   .0161448    -4.50   0.000    -.1042791   -.0409925
               7  |  -.0551344   .0161065    -3.42   0.001    -.0867025   -.0235662
               8  |  -.0400836   .0085571    -4.68   0.000    -.0568553   -.0233119
                  |
       race_clean |
               2  |   .0711063   .0087168     8.16   0.000     .0540215     .088191
               3  |  -.0541574    .023464    -2.31   0.021    -.1001461   -.0081687
               4  |  -.0218374    .007959    -2.74   0.006    -.0374369   -.0062379
               5  |   .0230008   .0208935     1.10   0.271    -.0179497    .0639514
                  |
       educ_clean |
               1  |   .1788637   .0062917    28.43   0.000     .1665321    .1911953
               2  |   .3358422    .007561    44.42   0.000     .3210229    .3506615
               3  |   .6413914   .0083622    76.70   0.000     .6250018    .6577811
               4  |   1.121179   .0092317   121.45   0.000     1.103085    1.139273
                  |
        sex_clean |  -.8555036   .0073053  -117.11   0.000    -.8698217   -.8411854
                  |
    citizen_clean |
               1  |   .1058817   .0118806     8.91   0.000     .0825962    .1291673
               2  |   .2109066   .0057744    36.52   0.000      .199589    .2222242
                  |
         hispXsex |
               1  |  -.0523323   .0122866    -4.26   0.000    -.0764137   -.0282509
               2  |   .2637811   .0228182    11.56   0.000     .2190581     .308504
               3  |   .2385176   .0280807     8.49   0.000     .1834803    .2935548
               4  |   .2360435     .04287     5.51   0.000     .1520196    .3200675
               5  |   .0329506   .0433957     0.76   0.448    -.0521036    .1180048
               6  |   .0309298   .0343521     0.90   0.368    -.0363993     .098259
               7  |    -.03561   .0323242    -1.10   0.271    -.0989645    .0277444
               8  |    .131351   .0136384     9.63   0.000     .1046202    .1580819
                  |
            _cons |   9.611492   .0131256   732.27   0.000     9.585767    9.637218
-----------------------------------------------------------------------------------

. 
end of do-file

. do "C:\Users\LOCAL_~1.MEL\Temp\STD324c_00000p.tmp"

. reg ln_inctot ageatimmig years_since_immig i.hisp_clean i.race_clean i.educ_clean s
> ex_clean i.citizen_clean i.hispXsex i.educXsex i.ATIXsex, r
variable educXsex not found
r(111);

end of do-file

r(111);

. do "C:\Users\LOCAL_~1.MEL\Temp\STD324c_00000q.tmp"

. gen hispXsex = hisp_clean * sex_clean
variable hispXsex already defined
r(110);

end of do-file

r(110);

. do "C:\Users\LOCAL_~1.MEL\Temp\STD324c_00000r.tmp"

. gen educXsex = sex_clean * educ_clean

. 
. gen ATIXsex = sex_clean * ageatimmig

. 
end of do-file

. do "C:\Users\LOCAL_~1.MEL\Temp\STD324c_00000s.tmp"

. reg ln_inctot ageatimmig years_since_immig i.hisp_clean i.race_clean i.educ_clean s
> ex_clean i.citizen_clean i.hispXsex i.educXsex i.ATIXsex, r

Linear regression                               Number of obs     =    415,762
                                                F(98, 415663)     =     708.09
                                                Prob > F          =     0.0000
                                                R-squared         =     0.1298
                                                Root MSE          =     1.5151

-----------------------------------------------------------------------------------
                  |               Robust
        ln_inctot | Coefficient  std. err.      t    P>|t|     [95% conf. interval]
------------------+----------------------------------------------------------------
       ageatimmig |  -.0019448   .0002777    -7.00   0.000    -.0024891   -.0014005
years_since_immig |   .0071116   .0002604    27.31   0.000     .0066013    .0076219
                  |
       hisp_clean |
               1  |  -.0300364    .007823    -3.84   0.000    -.0453693   -.0147035
               2  |  -.1882566   .0176161   -10.69   0.000    -.2227836   -.1537296
               3  |   -.145575   .0162643    -8.95   0.000    -.1774524   -.1136975
               4  |   -.195099   .0271682    -7.18   0.000    -.2483478   -.1418502
               5  |   .0025706   .0200586     0.13   0.898    -.0367437    .0418848
               6  |  -.0519661   .0161925    -3.21   0.001     -.083703   -.0202293
               7  |  -.0518377   .0161447    -3.21   0.001    -.0834809   -.0201946
               8  |  -.0222129   .0085467    -2.60   0.009    -.0389642   -.0054616
                  |
       race_clean |
               2  |   .0694823    .008719     7.97   0.000     .0523934    .0865712
               3  |  -.0545803   .0234708    -2.33   0.020    -.1005824   -.0085782
               4  |  -.0201327   .0079565    -2.53   0.011    -.0357272   -.0045381
               5  |   .0235467   .0209074     1.13   0.260    -.0174312    .0645246
                  |
       educ_clean |
               1  |   .1892028    .005914    31.99   0.000     .1776116    .2007939
               2  |   .3076126   .0076612    40.15   0.000      .292597    .3226282
               3  |   .6964859   .0084697    82.23   0.000     .6798856    .7130862
               4  |   1.167355   .0091811   127.15   0.000     1.149361     1.18535
                  |
        sex_clean |  -.7457943   .0332793   -22.41   0.000    -.8110207   -.6805679
                  |
    citizen_clean |
               1  |   .1041928   .0118862     8.77   0.000     .0808963    .1274894
               2  |   .2105458   .0057784    36.44   0.000     .1992202    .2218714
                  |
         hispXsex |
               1  |  -.1042013   .0138768    -7.51   0.000    -.1313995   -.0770031
               2  |   .2063858   .0231828     8.90   0.000     .1609481    .2518234
               3  |    .216946   .0282097     7.69   0.000     .1616559    .2722361
               4  |   .2058493   .0429644     4.79   0.000     .1216403    .2900583
               5  |   -.012665   .0438082    -0.29   0.773    -.0985278    .0731978
               6  |  -.0057223   .0347603    -0.16   0.869    -.0738515    .0624068
               7  |  -.0406225   .0323369    -1.26   0.209    -.1040018    .0227568
               8  |    .096716   .0145223     6.66   0.000     .0682527    .1251793
                  |
         educXsex |
               1  |    -.02528   .0134306    -1.88   0.060    -.0516035    .0010436
               2  |   .0478376    .015286     3.13   0.002     .0178776    .0777977
               3  |   -.108511   .0167177    -6.49   0.000    -.1412771   -.0757448
               4  |  -.0972116   .0191142    -5.09   0.000    -.1346749   -.0597484
                  |
          ATIXsex |
               1  |  -.0522972   .0440905    -1.19   0.236    -.1387133    .0341188
               2  |   .0537088   .0419064     1.28   0.200    -.0284265    .1358441
               3  |   .0813325   .0423946     1.92   0.055    -.0017597    .1644246
               4  |   .0324792   .0445015     0.73   0.465    -.0547424    .1197008
               5  |   .0837756   .0439829     1.90   0.057    -.0024295    .1699807
               6  |   .0377231   .0454271     0.83   0.406    -.0513126    .1267589
               7  |   .0225916   .0459361     0.49   0.623    -.0674418    .1126251
               8  |   .0081944   .0461007     0.18   0.859    -.0821615    .0985504
               9  |   -.003887   .0455674    -0.09   0.932    -.0931976    .0854237
              10  |    .019673   .0446242     0.44   0.659     -.067789    .1071351
              11  |   .0633788   .0429814     1.47   0.140    -.0208636    .1476211
              12  |   .0329755   .0438274     0.75   0.452    -.0529249    .1188758
              13  |   .0475341   .0414258     1.15   0.251    -.0336592    .1287274
              14  |   .0227799   .0408382     0.56   0.577    -.0572617    .1028216
              15  |   -.007361   .0405167    -0.18   0.856    -.0867725    .0720506
              16  |    .005537   .0389607     0.14   0.887    -.0708247    .0818988
              17  |   -.006308   .0379614    -0.17   0.868    -.0807111    .0680952
              18  |  -.0397267   .0380468    -1.04   0.296    -.1142974    .0348439
              19  |   -.033229   .0373913    -0.89   0.374    -.1065148    .0400568
              20  |  -.0336617   .0375929    -0.90   0.371    -.1073427    .0400193
              21  |   -.031244   .0372853    -0.84   0.402     -.104322    .0418339
              22  |  -.0787341   .0380528    -2.07   0.039    -.1533164   -.0041518
              23  |  -.0947056   .0375781    -2.52   0.012    -.1683576   -.0210536
              24  |  -.1099481    .038292    -2.87   0.004    -.1849994   -.0348968
              25  |  -.1343735   .0387626    -3.47   0.001    -.2103471   -.0583999
              26  |  -.1358472   .0390181    -3.48   0.000    -.2123215    -.059373
              27  |  -.1766075   .0403413    -4.38   0.000    -.2556752   -.0975397
              28  |  -.1363838   .0407073    -3.35   0.001    -.2161688   -.0565987
              29  |  -.1171598   .0407559    -2.87   0.004    -.1970401   -.0372795
              30  |  -.0870486   .0413211    -2.11   0.035    -.1680368   -.0060605
              31  |  -.1034547   .0431834    -2.40   0.017    -.1880928   -.0188166
              32  |  -.0949404   .0435085    -2.18   0.029    -.1802158    -.009665
              33  |  -.1664213    .045722    -3.64   0.000    -.2560351   -.0768075
              34  |  -.0746658   .0457046    -1.63   0.102    -.1642455    .0149138
              35  |  -.0028892   .0451175    -0.06   0.949     -.091318    .0855397
              36  |  -.0907878    .047709    -1.90   0.057     -.184296    .0027204
              37  |  -.1226074   .0486704    -2.52   0.012    -.2179998    -.027215
              38  |   -.050117   .0489618    -1.02   0.306    -.1460806    .0458466
              39  |  -.0603367   .0506909    -1.19   0.234    -.1596894    .0390159
              40  |  -.0751792   .0542764    -1.39   0.166    -.1815593    .0312009
              41  |  -.1540451   .0562791    -2.74   0.006    -.2643505   -.0437397
              42  |  -.0474666   .0581422    -0.82   0.414    -.1614235    .0664903
              43  |  -.1338082   .0587549    -2.28   0.023     -.248966   -.0186504
              44  |   .0068213    .059182     0.12   0.908    -.1091738    .1228163
              45  |   .0171917   .0601468     0.29   0.775    -.1006942    .1350775
              46  |  -.1103342   .0661475    -1.67   0.095    -.2399813    .0193129
              47  |  -.1565379   .0699092    -2.24   0.025    -.2935579    -.019518
              48  |  -.0237452   .0695694    -0.34   0.733    -.1600991    .1126087
              49  |  -.0957041   .0728537    -1.31   0.189     -.238495    .0470869
              50  |  -.0841973    .077984    -1.08   0.280    -.2370437     .068649
              51  |  -.2049804   .0870693    -2.35   0.019    -.3756335   -.0343272
              52  |  -.1880662   .0945872    -1.99   0.047    -.3734543   -.0026782
              53  |   .1393708   .0815407     1.71   0.087    -.0204466    .2991882
              54  |  -.3038819   .1136089    -2.67   0.007    -.5265519    -.081212
              55  |  -.2074812   .1163278    -1.78   0.074    -.4354802    .0205178
              56  |  -.2069319   .1201869    -1.72   0.085    -.4424945    .0286308
              57  |  -.4499093   .1473967    -3.05   0.002    -.7388025   -.1610162
              58  |   .0418562   .1043882     0.40   0.688    -.1627416    .2464539
              59  |  -.3149417   .1563306    -2.01   0.044    -.6213449   -.0085385
              60  |  -.0483757   .1817512    -0.27   0.790    -.4046025    .3078511
              61  |  -.6489411   .2830779    -2.29   0.022    -1.203765    -.094117
              62  |  -.4372235   .3026213    -1.44   0.149    -1.030352     .155905
              63  |  -.5855864   .3663528    -1.60   0.110    -1.303627    .1324539
              64  |   .1658347     .20377     0.81   0.416    -.2335483    .5652177
              65  |  -1.464675   1.295967    -1.13   0.258     -4.00473     1.07538
                  |
            _cons |   9.552303   .0132043   723.42   0.000     9.526423    9.578183
-----------------------------------------------------------------------------------

. 
end of do-file

. do "C:\Users\LOCAL_~1.MEL\Temp\STD324c_00000t.tmp"

. reg ln_inctot ageatimmig years_since_immig i.hisp_clean i.race_clean i.educ_clean s
> ex_clean i.citizen_clean i.hispXsex i.educXsex i.hispXeduc, r
variable hispXeduc not found
r(111);

end of do-file

r(111);

. do "C:\Users\LOCAL_~1.MEL\Temp\STD324c_00000u.tmp"

. gen hispXeduc = hisp_clean * educ_clean
(159 missing values generated)

. 
end of do-file

. do "C:\Users\LOCAL_~1.MEL\Temp\STD324c_00000v.tmp"

. reg ln_inctot ageatimmig years_since_immig i.hisp_clean i.race_clean i.educ_clean s
> ex_clean i.citizen_clean i.hispXsex i.educXsex i.hispXeduc, r

Linear regression                               Number of obs     =    415,762
                                                F(53, 415708)     =    1298.63
                                                Prob > F          =     0.0000
                                                R-squared         =     0.1296
                                                Root MSE          =     1.5152

-----------------------------------------------------------------------------------
                  |               Robust
        ln_inctot | Coefficient  std. err.      t    P>|t|     [95% conf. interval]
------------------+----------------------------------------------------------------
       ageatimmig |  -.0035253    .000262   -13.46   0.000    -.0040387   -.0030118
years_since_immig |   .0073768   .0002612    28.25   0.000      .006865    .0078887
                  |
       hisp_clean |
               1  |   .0252328   .0139111     1.81   0.070    -.0020325    .0524982
               2  |  -.1466843   .0222395    -6.60   0.000    -.1902729   -.1030956
               3  |  -.0011733   .0242694    -0.05   0.961    -.0487407    .0463941
               4  |  -.1226472   .0305738    -4.01   0.000    -.1825709   -.0627235
               5  |    .104712   .0291394     3.59   0.000     .0475997    .1618243
               6  |   .0416579   .0213074     1.96   0.051    -.0001038    .0834197
               7  |   .0760755   .0498602     1.53   0.127     -.021649       .1738
               8  |   .0622603   .0149907     4.15   0.000      .032879    .0916416
                  |
       race_clean |
               2  |    .076047   .0087319     8.71   0.000     .0589327    .0931612
               3  |  -.0536194   .0234485    -2.29   0.022    -.0995777   -.0076611
               4  |   -.023012   .0079644    -2.89   0.004     -.038622    -.007402
               5  |   .0247922   .0208704     1.19   0.235    -.0161131    .0656975
                  |
       educ_clean |
               1  |   .2240172   .0136819    16.37   0.000     .1972012    .2508333
               2  |   .3558511   .0140333    25.36   0.000     .3283462    .3833559
               3  |   .7822896   .0139262    56.17   0.000     .7549947    .8095845
               4  |   1.237172   .0139888    88.44   0.000     1.209754    1.264589
                  |
        sex_clean |  -.8129583   .0131566   -61.79   0.000    -.8387448   -.7871717
                  |
    citizen_clean |
               1  |   .1123444   .0118914     9.45   0.000     .0890377    .1356512
               2  |   .2147769   .0057789    37.17   0.000     .2034504    .2261034
                  |
         hispXsex |
               1  |  -.0873093   .0137947    -6.33   0.000    -.1143465   -.0602721
               2  |   .2281349   .0230991     9.88   0.000     .1828613    .2734084
               3  |   .2150394   .0282595     7.61   0.000     .1596516    .2704272
               4  |   .2087099   .0430154     4.85   0.000      .124401    .2930187
               5  |   .0102716    .043632     0.24   0.814    -.0752458    .0957891
               6  |   .0141362   .0349249     0.40   0.686    -.0543157     .082588
               7  |  -.0353889   .0324353    -1.09   0.275    -.0989611    .0281832
               8  |   .1030873   .0144999     7.11   0.000      .074668    .1315065
                  |
         educXsex |
               1  |  -.0160675   .0135457    -1.19   0.236    -.0426167    .0104817
               2  |   .0657979   .0151157     4.35   0.000     .0361716    .0954243
               3  |  -.1054283   .0166543    -6.33   0.000    -.1380702   -.0727864
               4  |   -.097774   .0190543    -5.13   0.000    -.1351199   -.0604281
                  |
        hispXeduc |
               1  |  -.0181152   .0168635    -1.07   0.283    -.0511672    .0149367
               2  |  -.0559961   .0180586    -3.10   0.002    -.0913904   -.0206018
               3  |  -.1992574   .0234579    -8.49   0.000    -.2452341   -.1532806
               4  |  -.0451318   .0236081    -1.91   0.056     -.091403    .0011393
               5  |  -.1154625   .0490078    -2.36   0.018    -.2115163   -.0194087
               6  |  -.0359391    .024667    -1.46   0.145    -.0842857    .0124074
               7  |  -.0092258   .0581126    -0.16   0.874    -.1231248    .1046731
               8  |  -.0363408    .017896    -2.03   0.042    -.0714164   -.0012653
               9  |  -.1600093   .0399979    -4.00   0.000    -.2384039   -.0816147
              10  |   .0304378   .0549005     0.55   0.579    -.0771654    .1380411
              12  |  -.1799089   .0338048    -5.32   0.000    -.2461653   -.1136525
              14  |  -.1235862   .0609185    -2.03   0.042    -.2429846   -.0041878
              15  |   -.440638   .1061313    -4.15   0.000    -.6486521    -.232624
              16  |  -.0959972   .0213469    -4.50   0.000    -.1378364    -.054158
              18  |   -.277629   .0645809    -4.30   0.000    -.4042056   -.1510525
              20  |  -.6929805   .1758432    -3.94   0.000    -1.037628   -.3483333
              21  |  -.2247769   .0610647    -3.68   0.000    -.3444618   -.1050919
              24  |  -.2083476   .0245598    -8.48   0.000     -.256484   -.1602112
              28  |  -.2129774   .0669811    -3.18   0.001    -.3442585   -.0816964
              32  |  -.2019103    .033798    -5.97   0.000    -.2681534   -.1356672
                  |
            _cons |   9.524344   .0166192   573.09   0.000      9.49177    9.556917
-----------------------------------------------------------------------------------

. 
end of do-file

. help scatter

. do "C:\Users\LOCAL_~1.MEL\Temp\STD324c_00000w.tmp"

. scatter ln_inctot years_since_immig

. 
end of do-file

. do "C:\Users\LOCAL_~1.MEL\Temp\STD324c_00000x.tmp"

. reg ln_inctot ageatimmig ln_ysi i.hisp_clean i.race_clean i.educ_clean sex_clean i.
> citizen_clean i.hispXsex i.educXsex i.hispXeduc, r
variable ln_ysi not found
r(111);

end of do-file

r(111);

. do "C:\Users\LOCAL_~1.MEL\Temp\STD324c_000010.tmp"

. gen ln_ysi = log(years_since_immig)
(2,133 missing values generated)

. 
end of do-file

. do "C:\Users\LOCAL_~1.MEL\Temp\STD324c_000011.tmp"

. reg ln_inctot ageatimmig ln_ysi i.hisp_clean i.race_clean i.educ_clean sex_clean i.
> citizen_clean i.hispXsex i.educXsex i.hispXeduc, r

Linear regression                               Number of obs     =    413,629
                                                F(53, 413575)     =    1324.09
                                                Prob > F          =     0.0000
                                                R-squared         =     0.1324
                                                Root MSE          =     1.5103

-------------------------------------------------------------------------------
              |               Robust
    ln_inctot | Coefficient  std. err.      t    P>|t|     [95% conf. interval]
--------------+----------------------------------------------------------------
   ageatimmig |  -.0020627   .0002566    -8.04   0.000    -.0025657   -.0015598
       ln_ysi |   .1608842   .0041258    38.99   0.000     .1527978    .1689706
              |
   hisp_clean |
           1  |   .0084701   .0139315     0.61   0.543    -.0188353    .0357754
           2  |  -.1522127   .0222477    -6.84   0.000    -.1958176   -.1086078
           3  |  -.0042765    .024328    -0.18   0.860    -.0519587    .0434056
           4  |  -.1304983   .0307131    -4.25   0.000    -.1906951   -.0703015
           5  |   .0878729   .0289075     3.04   0.002      .031215    .1445307
           6  |   .0250449   .0213849     1.17   0.242    -.0168687    .0669586
           7  |   .0620977   .0495155     1.25   0.210    -.0349511    .1591465
           8  |   .0562766   .0149749     3.76   0.000     .0269261     .085627
              |
   race_clean |
           2  |   .0728279   .0087132     8.36   0.000     .0557504    .0899055
           3  |  -.0513959   .0235653    -2.18   0.029    -.0975832   -.0052085
           4  |  -.0258256   .0079416    -3.25   0.001     -.041391   -.0102603
           5  |   .0251934   .0208795     1.21   0.228    -.0157298    .0661166
              |
   educ_clean |
           1  |   .2271291   .0137012    16.58   0.000     .2002751    .2539831
           2  |   .3627277     .01404    25.84   0.000     .3352096    .3902457
           3  |   .7960757   .0139388    57.11   0.000      .768756    .8233953
           4  |    1.25075   .0139817    89.46   0.000     1.223346    1.278153
              |
    sex_clean |   -.819863   .0131655   -62.27   0.000    -.8456669   -.7940591
              |
citizen_clean |
           1  |   .1070873   .0117742     9.10   0.000     .0840102    .1301644
           2  |   .1801695   .0057526    31.32   0.000     .1688945    .1914446
              |
     hispXsex |
           1  |  -.0847785   .0138047    -6.14   0.000    -.1118353   -.0577217
           2  |   .2278435   .0230802     9.87   0.000     .1826069    .2730801
           3  |   .2316564   .0280383     8.26   0.000     .1767022    .2866106
           4  |   .2080215   .0433158     4.80   0.000     .1231238    .2929191
           5  |   .0124829   .0435023     0.29   0.774    -.0727803    .0977461
           6  |   .0121293    .035219     0.34   0.731    -.0568989    .0811575
           7  |  -.0382807   .0326934    -1.17   0.242    -.1023588    .0257973
           8  |   .1021112   .0144744     7.05   0.000     .0737418    .1304806
              |
     educXsex |
           1  |  -.0101287   .0135582    -0.75   0.455    -.0367023    .0164449
           2  |   .0720277   .0151179     4.76   0.000     .0423971    .1016583
           3  |  -.1025314   .0166537    -6.16   0.000    -.1351721   -.0698906
           4  |  -.0884211    .019018    -4.65   0.000    -.1256959   -.0511463
              |
    hispXeduc |
           1  |   -.017313   .0168895    -1.03   0.305    -.0504158    .0157899
           2  |  -.0519571   .0180796    -2.87   0.004    -.0873926   -.0165216
           3  |  -.1964538   .0235278    -8.35   0.000    -.2425676   -.1503399
           4  |    -.03983   .0236406    -1.68   0.092    -.0861648    .0065048
           5  |  -.1163008   .0490253    -2.37   0.018    -.2123888   -.0202127
           6  |  -.0331188   .0247539    -1.34   0.181    -.0816357    .0153981
           7  |   .0011376    .058057     0.02   0.984    -.1126523    .1149274
           8  |  -.0376367   .0179051    -2.10   0.036    -.0727302   -.0025432
           9  |  -.1441561   .0397633    -3.63   0.000    -.2220909   -.0662213
          10  |   .0355136   .0550158     0.65   0.519    -.0723158    .1433429
          12  |  -.1669893   .0338707    -4.93   0.000    -.2333749   -.1006038
          14  |  -.1088688   .0607206    -1.79   0.073    -.2278792    .0101417
          15  |  -.4249965   .1054749    -4.03   0.000    -.6317241   -.2182689
          16  |  -.0967886   .0213255    -4.54   0.000    -.1385859   -.0549913
          18  |  -.2573744    .064981    -3.96   0.000    -.3847351   -.1300137
          20  |  -.6848359   .1768571    -3.87   0.000     -1.03147   -.3382014
          21  |  -.1964042   .0607318    -3.23   0.001    -.3154367   -.0773716
          24  |  -.2053759    .024527    -8.37   0.000     -.253448   -.1573038
          28  |  -.1909807   .0667311    -2.86   0.004    -.3217715   -.0601898
          32  |  -.1993468   .0336933    -5.92   0.000    -.2653846    -.133309
              |
        _cons |    9.21368   .0200546   459.43   0.000     9.174373    9.252986
-------------------------------------------------------------------------------

. 
end of do-file

. do "C:\Users\LOCAL_~1.MEL\Temp\STD324c_000012.tmp"

. gen ln_aai = log(ageatimmig)
(6,625 missing values generated)

. 
. reg ln_inctot ln_aai ln_ysi i.hisp_clean i.race_clean i.educ_clean sex_clean i.citi
> zen_clean i.hispXsex i.educXsex i.hispXeduc, r

Linear regression                               Number of obs     =    407,007
                                                F(53, 406953)     =    1301.82
                                                Prob > F          =     0.0000
                                                R-squared         =     0.1325
                                                Root MSE          =     1.5118

-------------------------------------------------------------------------------
              |               Robust
    ln_inctot | Coefficient  std. err.      t    P>|t|     [95% conf. interval]
--------------+----------------------------------------------------------------
       ln_aai |  -.0244082   .0038955    -6.27   0.000    -.0320433   -.0167731
       ln_ysi |   .1665285   .0039658    41.99   0.000     .1587557    .1743013
              |
   hisp_clean |
           1  |   .0137484   .0140051     0.98   0.326    -.0137012    .0411981
           2  |  -.1520326   .0228551    -6.65   0.000     -.196828   -.1072373
           3  |  -.0022994   .0245376    -0.09   0.925    -.0503924    .0457936
           4  |  -.1270508   .0309577    -4.10   0.000     -.187727   -.0663746
           5  |   .0923332   .0289963     3.18   0.001     .0355014     .149165
           6  |   .0323259   .0215101     1.50   0.133    -.0098333    .0744851
           7  |   .0683681   .0494747     1.38   0.167    -.0286008     .165337
           8  |   .0611281   .0150295     4.07   0.000     .0316708    .0905855
              |
   race_clean |
           2  |   .0741561    .008794     8.43   0.000     .0569202     .091392
           3  |  -.0517972   .0239147    -2.17   0.030    -.0986693    -.004925
           4  |  -.0267231   .0080418    -3.32   0.001    -.0424847   -.0109614
           5  |   .0344558   .0212003     1.63   0.104    -.0070961    .0760077
              |
   educ_clean |
           1  |   .2306294   .0137899    16.72   0.000     .2036017    .2576571
           2  |   .3680391   .0141465    26.02   0.000     .3403124    .3957657
           3  |    .802125   .0140354    57.15   0.000     .7746161    .8296339
           4  |    1.25697   .0140638    89.38   0.000     1.229405    1.284534
              |
    sex_clean |  -.8209832   .0132592   -61.92   0.000    -.8469707   -.7949957
              |
citizen_clean |
           1  |   .1106646   .0125665     8.81   0.000     .0860347    .1352945
           2  |   .1789787   .0057809    30.96   0.000     .1676483    .1903092
              |
     hispXsex |
           1  |  -.0857784   .0139569    -6.15   0.000    -.1131336   -.0584233
           2  |   .2286306   .0234308     9.76   0.000      .182707    .2745542
           3  |   .2303602   .0282887     8.14   0.000     .1749151    .2858053
           4  |    .207003   .0437063     4.74   0.000       .12134     .292666
           5  |    .011762   .0438059     0.27   0.788    -.0740961    .0976202
           6  |    .010962   .0354588     0.31   0.757    -.0585363    .0804602
           7  |  -.0417386    .033008    -1.26   0.206    -.1064333     .022956
           8  |   .1036647   .0145576     7.12   0.000     .0751324    .1321971
              |
     educXsex |
           1  |  -.0122869   .0136448    -0.90   0.368    -.0390304    .0144566
           2  |   .0718344   .0152571     4.71   0.000     .0419309    .1017379
           3  |   -.108473   .0168296    -6.45   0.000    -.1414585   -.0754874
           4  |  -.0914478   .0192126    -4.76   0.000    -.1291039   -.0537917
              |
    hispXeduc |
           1  |  -.0184716   .0170025    -1.09   0.277     -.051796    .0148528
           2  |  -.0547967   .0182549    -3.00   0.003    -.0905757   -.0190177
           3  |   -.204413   .0238258    -8.58   0.000    -.2511108   -.1577151
           4  |  -.0468568   .0240357    -1.95   0.051    -.0939661    .0002525
           5  |  -.1183546   .0492177    -2.40   0.016    -.2148197   -.0218894
           6  |  -.0365697   .0249573    -1.47   0.143    -.0854852    .0123458
           7  |  -.0048639    .058117    -0.08   0.933    -.1187714    .1090436
           8  |   -.041774     .01802    -2.32   0.020    -.0770927   -.0064552
           9  |  -.1521544   .0402037    -3.78   0.000    -.2309525   -.0733563
          10  |   .0282399   .0555685     0.51   0.611    -.0806728    .1371526
          12  |  -.1720259   .0341778    -5.03   0.000    -.2390133   -.1050384
          14  |   -.117781   .0609556    -1.93   0.053    -.2372522    .0016902
          15  |  -.4321517   .1077089    -4.01   0.000    -.6432579   -.2210455
          16  |  -.0991481   .0214019    -4.63   0.000    -.1410952    -.057201
          18  |  -.2546981   .0661711    -3.85   0.000    -.3843914   -.1250047
          20  |  -.6923861   .1828546    -3.79   0.000    -1.050776   -.3339966
          21  |  -.2063965   .0609158    -3.39   0.001    -.3257896   -.0870034
          24  |  -.2124066   .0247107    -8.60   0.000    -.2608389   -.1639743
          28  |  -.2028698   .0670397    -3.03   0.002    -.3342655   -.0714741
          32  |  -.1967037   .0337574    -5.83   0.000    -.2628671   -.1305403
              |
        _cons |   9.220242    .023083   399.44   0.000        9.175    9.265484
-------------------------------------------------------------------------------

. 
end of do-file

. do "C:\Users\LOCAL_~1.MEL\Temp\STD324c_000013.tmp"

. gen sq_aai = ageatimmig^2

. 
. gen sq_ysi = years_since_immig^2

. 
. reg ln_inctot ln_aai ln_ysi sq_aai sq_ysi i.hisp_clean i.race_clean i.educ_clean se
> x_clean i.citizen_clean i.hispXsex i.educXsex i.hispXeduc, r

Linear regression                               Number of obs     =    407,007
                                                F(55, 406951)     =    1264.60
                                                Prob > F          =     0.0000
                                                R-squared         =     0.1329
                                                Root MSE          =     1.5115

-------------------------------------------------------------------------------
              |               Robust
    ln_inctot | Coefficient  std. err.      t    P>|t|     [95% conf. interval]
--------------+----------------------------------------------------------------
       ln_aai |   -.028321   .0052743    -5.37   0.000    -.0386585   -.0179836
       ln_ysi |   .1969156   .0053338    36.92   0.000     .1864616    .2073697
       sq_aai |  -.0000264   6.45e-06    -4.09   0.000     -.000039   -.0000137
       sq_ysi |  -.0000798   6.40e-06   -12.48   0.000    -.0000923   -.0000673
              |
   hisp_clean |
           1  |  -.0003055   .0140641    -0.02   0.983    -.0278708    .0272597
           2  |  -.1662631   .0229116    -7.26   0.000    -.2111691   -.1213571
           3  |  -.0015603   .0245109    -0.06   0.949    -.0496009    .0464803
           4  |  -.1334744   .0309465    -4.31   0.000    -.1941287   -.0728201
           5  |   .0785635   .0290138     2.71   0.007     .0216973    .1354297
           6  |   .0141237   .0215772     0.65   0.513     -.028167    .0564144
           7  |   .0562148   .0495121     1.14   0.256    -.0408274    .1532569
           8  |   .0420605    .015111     2.78   0.005     .0124434    .0716776
              |
   race_clean |
           2  |   .0671195   .0088147     7.61   0.000      .049843     .084396
           3  |  -.0538111   .0239071    -2.25   0.024    -.1006683   -.0069538
           4  |   -.033663   .0080712    -4.17   0.000    -.0494823   -.0178437
           5  |   .0318518    .021204     1.50   0.133    -.0097073     .073411
              |
   educ_clean |
           1  |   .2259096   .0137912    16.38   0.000     .1988793    .2529399
           2  |   .3625865   .0141525    25.62   0.000     .3348479    .3903251
           3  |   .7968615   .0140402    56.76   0.000     .7693432    .8243798
           4  |   1.251922   .0140752    88.95   0.000     1.224335    1.279509
              |
    sex_clean |  -.8194818   .0132638   -61.78   0.000    -.8454785   -.7934851
              |
citizen_clean |
           1  |   .1360437   .0126922    10.72   0.000     .1111673      .16092
           2  |   .1858811   .0058032    32.03   0.000     .1745071    .1972552
              |
     hispXsex |
           1  |  -.0851978   .0139564    -6.10   0.000     -.112552   -.0578436
           2  |   .2276532   .0233948     9.73   0.000     .1818001    .2735063
           3  |   .2330135   .0282982     8.23   0.000       .17755     .288477
           4  |   .2065009   .0436682     4.73   0.000     .1209126    .2920893
           5  |   .0119389   .0438021     0.27   0.785     -.073912    .0977898
           6  |   .0145375   .0354801     0.41   0.682    -.0550024    .0840773
           7  |  -.0402116   .0329962    -1.22   0.223    -.1048832      .02446
           8  |   .1039375   .0145529     7.14   0.000     .0754143    .1324606
              |
     educXsex |
           1  |  -.0116586    .013644    -0.85   0.393    -.0384005    .0150833
           2  |   .0701629   .0152611     4.60   0.000     .0402516    .1000741
           3  |  -.1122844    .016831    -6.67   0.000    -.1452727   -.0792961
           4  |  -.0956804   .0192103    -4.98   0.000     -.133332   -.0580288
              |
    hispXeduc |
           1  |  -.0185322   .0170067    -1.09   0.276    -.0518648    .0148004
           2  |  -.0499985     .01827    -2.74   0.006    -.0858073   -.0141898
           3  |   -.199948   .0238295    -8.39   0.000    -.2466531   -.1532428
           4  |  -.0426895   .0240561    -1.77   0.076    -.0898387    .0044597
           5  |  -.1157378   .0491973    -2.35   0.019     -.212163   -.0193127
           6  |  -.0331468   .0249515    -1.33   0.184     -.082051    .0157574
           7  |   .0022998   .0581515     0.04   0.968    -.1116754    .1162751
           8  |  -.0379641   .0180229    -2.11   0.035    -.0732885   -.0026397
           9  |  -.1435135   .0402026    -3.57   0.000    -.2223094   -.0647176
          10  |   .0369851   .0555337     0.67   0.505    -.0718594    .1458296
          12  |  -.1594281   .0342044    -4.66   0.000    -.2264677   -.0923885
          14  |  -.1088358   .0610104    -1.78   0.074    -.2284142    .0107427
          15  |  -.4216258   .1078528    -3.91   0.000    -.6330142   -.2102375
          16  |  -.0926376   .0214182    -4.33   0.000    -.1346166   -.0506587
          18  |  -.2414384   .0662608    -3.64   0.000    -.3713075   -.1115694
          20  |   -.676511   .1830652    -3.70   0.000    -1.035313   -.3177087
          21  |  -.1962868   .0609278    -3.22   0.001    -.3157035   -.0768702
          24  |  -.1998023   .0247586    -8.07   0.000    -.2483285   -.1512761
          28  |  -.1897663   .0670401    -2.83   0.005    -.3211629   -.0583697
          32  |  -.1801599   .0337421    -5.34   0.000    -.2462934   -.1140263
              |
        _cons |    9.21798   .0230681   399.60   0.000     9.172767    9.263193
-------------------------------------------------------------------------------

. 
end of do-file

. do "C:\Users\LOCAL_~1.MEL\Temp\STD324c_000014.tmp"

. reg ln_inctot age ln_aai ln_ysi sq_aai sq_ysi i.hisp_clean i.race_clean i.educ_clea
> n sex_clean i.citizen_clean i.hispXsex i.educXsex i.hispXeduc, r

Linear regression                               Number of obs     =    407,007
                                                F(56, 406950)     =    1241.97
                                                Prob > F          =     0.0000
                                                R-squared         =     0.1329
                                                Root MSE          =     1.5115

-------------------------------------------------------------------------------
              |               Robust
    ln_inctot | Coefficient  std. err.      t    P>|t|     [95% conf. interval]
--------------+----------------------------------------------------------------
          age |  -.0022311   .0013151    -1.70   0.090    -.0048087    .0003465
       ln_aai |  -.0142496    .009697    -1.47   0.142    -.0332555    .0047562
       ln_ysi |   .2100518   .0100344    20.93   0.000     .1903847     .229719
       sq_aai |   7.11e-07   .0000176     0.04   0.968    -.0000337    .0000351
       sq_ysi |  -.0000516   .0000172    -3.01   0.003    -.0000853    -.000018
              |
   hisp_clean |
           1  |  -.0002449   .0140641    -0.02   0.986      -.02781    .0273202
           2  |  -.1672325   .0229165    -7.30   0.000    -.2121482   -.1223169
           3  |   -.001881   .0245113    -0.08   0.939    -.0499224    .0461604
           4  |  -.1337222   .0309498    -4.32   0.000    -.1943828   -.0730616
           5  |   .0793462   .0290148     2.73   0.006     .0224781    .1362144
           6  |   .0141965   .0215767     0.66   0.511    -.0280932    .0564861
           7  |   .0565366   .0495077     1.14   0.253     -.040497    .1535702
           8  |   .0418773   .0151125     2.77   0.006     .0122573    .0714972
              |
   race_clean |
           2  |   .0670958   .0088147     7.61   0.000     .0498193    .0843723
           3  |  -.0537315   .0239047    -2.25   0.025     -.100584   -.0068791
           4  |  -.0334574   .0080712    -4.15   0.000    -.0492767    -.017638
           5  |   .0319831   .0212026     1.51   0.131    -.0095734    .0735397
              |
   educ_clean |
           1  |   .2257781   .0137922    16.37   0.000     .1987458    .2528103
           2  |   .3623365   .0141557    25.60   0.000     .3345918    .3900813
           3  |    .796951   .0140398    56.76   0.000     .7694334    .8244687
           4  |   1.252281   .0140745    88.97   0.000     1.224695    1.279867
              |
    sex_clean |  -.8194307   .0132635   -61.78   0.000    -.8454268   -.7934346
              |
citizen_clean |
           1  |    .137074   .0126992    10.79   0.000      .112184    .1619639
           2  |   .1868956   .0058378    32.01   0.000     .1754537    .1983375
              |
     hispXsex |
           1  |   -.085075   .0139573    -6.10   0.000     -.112431   -.0577191
           2  |   .2277754   .0233964     9.74   0.000     .1819192    .2736316
           3  |   .2329104   .0282949     8.23   0.000     .1774533    .2883676
           4  |    .206778   .0436694     4.74   0.000     .1211873    .2923688
           5  |   .0117464   .0438023     0.27   0.789    -.0741048    .0975977
           6  |   .0148614   .0354831     0.42   0.675    -.0546845    .0844073
           7  |  -.0402536   .0329947    -1.22   0.222    -.1049222     .024415
           8  |   .1040661   .0145544     7.15   0.000     .0755399    .1325924
              |
     educXsex |
           1  |  -.0116373   .0136445    -0.85   0.394    -.0383801    .0151054
           2  |   .0701626    .015261     4.60   0.000     .0402515    .1000737
           3  |  -.1123331   .0168311    -6.67   0.000    -.1453215   -.0793446
           4  |  -.0960434   .0192104    -5.00   0.000    -.1336952   -.0583916
              |
    hispXeduc |
           1  |  -.0187695   .0170069    -1.10   0.270    -.0521025    .0145636
           2  |  -.0500936   .0182698    -2.74   0.006    -.0859019   -.0142852
           3  |  -.1999875   .0238292    -8.39   0.000    -.2466921    -.153283
           4  |  -.0426493   .0240568    -1.77   0.076    -.0897999    .0045013
           5  |  -.1163164   .0491982    -2.36   0.018    -.2127435   -.0198893
           6  |  -.0332168   .0249509    -1.33   0.183    -.0821197    .0156862
           7  |    .002272   .0581463     0.04   0.969     -.111693     .116237
           8  |  -.0381345   .0180233    -2.12   0.034    -.0734596   -.0028094
           9  |  -.1443477   .0401946    -3.59   0.000    -.2231279   -.0655676
          10  |   .0363937   .0555293     0.66   0.512    -.0724421    .1452294
          12  |  -.1598752   .0341998    -4.67   0.000    -.2269059   -.0928446
          14  |  -.1090261   .0610043    -1.79   0.074    -.2285927    .0105405
          15  |  -.4222577   .1078596    -3.91   0.000    -.6336592   -.2108562
          16  |  -.0926597   .0214183    -4.33   0.000     -.134639   -.0506805
          18  |  -.2419062   .0662711    -3.65   0.000    -.3717955   -.1120169
          20  |  -.6768999   .1830308    -3.70   0.000    -1.035635   -.3181651
          21  |  -.1967011   .0609212    -3.23   0.001    -.3161048   -.0772974
          24  |  -.1998614   .0247576    -8.07   0.000    -.2483856   -.1513372
          28  |  -.1900921   .0670337    -2.84   0.005     -.321476   -.0587081
          32  |  -.1798606   .0337415    -5.33   0.000    -.2459929   -.1137284
              |
        _cons |   9.202774   .0252959   363.81   0.000     9.153195    9.252353
-------------------------------------------------------------------------------

. 
end of do-file

. do "C:\Users\LOCAL_~1.MEL\Temp\STD324c_000015.tmp"

. reg ln_inctot age ln_aai ln_ysi sq_aai sq_ysi i.hisp_clean i.race_clean i.educ_clea
> n sex_clean i.citizen_clean i.hispXsex i.educXsex i.hispXeduc i.region_clean bpl_cl
> ean, r

Linear regression                               Number of obs     =    407,007
                                                F(60, 406946)     =    1159.48
                                                Prob > F          =     0.0000
                                                R-squared         =     0.1329
                                                Root MSE          =     1.5115

-------------------------------------------------------------------------------
              |               Robust
    ln_inctot | Coefficient  std. err.      t    P>|t|     [95% conf. interval]
--------------+----------------------------------------------------------------
          age |  -.0022565   .0013152    -1.72   0.086    -.0048343    .0003212
       ln_aai |  -.0142716   .0097148    -1.47   0.142    -.0333124    .0047692
       ln_ysi |   .2096979   .0100358    20.90   0.000     .1900281    .2293678
       sq_aai |   8.82e-07   .0000176     0.05   0.960    -.0000335    .0000353
       sq_ysi |  -.0000516   .0000172    -3.01   0.003    -.0000853    -.000018
              |
   hisp_clean |
           1  |    .001177    .014255     0.08   0.934    -.0267624    .0291163
           2  |    -.17569   .0314228    -5.59   0.000    -.2372777   -.1141022
           3  |  -.0010375   .0247112    -0.04   0.967    -.0494706    .0473957
           4  |  -.1392399   .0310314    -4.49   0.000    -.2000605   -.0784194
           5  |   .0790927   .0290764     2.72   0.007     .0221039    .1360815
           6  |   .0145469   .0216304     0.67   0.501     -.027848    .0569419
           7  |   .0532513   .0495367     1.07   0.282     -.043839    .1503417
           8  |    .041206   .0151799     2.71   0.007     .0114538    .0709582
              |
   race_clean |
           2  |   .0661448   .0088948     7.44   0.000     .0487114    .0835783
           3  |  -.0537327   .0239118    -2.25   0.025    -.1005992   -.0068663
           4  |  -.0335904   .0081659    -4.11   0.000    -.0495953   -.0175854
           5  |   .0312665   .0212055     1.47   0.140    -.0102958    .0728287
              |
   educ_clean |
           1  |   .2254096   .0137954    16.34   0.000      .198371    .2524481
           2  |   .3628107   .0141725    25.60   0.000      .335033    .3905883
           3  |   .7971438   .0140465    56.75   0.000     .7696131    .8246745
           4  |   1.253026    .014083    88.97   0.000     1.225423    1.280628
              |
    sex_clean |  -.8195035   .0132661   -61.77   0.000    -.8455045   -.7935024
              |
citizen_clean |
           1  |   .1371379   .0137827     9.95   0.000     .1101243    .1641515
           2  |   .1869483   .0058406    32.01   0.000     .1755009    .1983957
              |
     hispXsex |
           1  |    -.08514    .013958    -6.10   0.000    -.1124973   -.0577827
           2  |   .2268032   .0234239     9.68   0.000      .180893    .2727134
           3  |   .2327591   .0282974     8.23   0.000      .177297    .2882211
           4  |   .2064414    .043675     4.73   0.000     .1208396    .2920432
           5  |   .0117641   .0438056     0.27   0.788    -.0740936    .0976217
           6  |   .0148516   .0354878     0.42   0.676    -.0547034    .0844066
           7  |  -.0398509    .032993    -1.21   0.227    -.1045161    .0248143
           8  |    .103629   .0145678     7.11   0.000     .0750766    .1321815
              |
     educXsex |
           1  |  -.0115383   .0136458    -0.85   0.398    -.0382837    .0152072
           2  |   .0699638   .0152621     4.58   0.000     .0400504    .0998771
           3  |  -.1124288   .0168315    -6.68   0.000    -.1454181   -.0794395
           4  |  -.0963076   .0192112    -5.01   0.000    -.1339609   -.0586543
              |
    hispXeduc |
           1  |  -.0179261   .0170129    -1.05   0.292    -.0512709    .0154186
           2  |  -.0503179   .0182783    -2.75   0.006    -.0861428   -.0144931
           3  |  -.1997309   .0238319    -8.38   0.000    -.2464407   -.1530212
           4  |  -.0421439   .0240699    -1.75   0.080    -.0893201    .0050323
           5  |  -.1165275   .0491952    -2.37   0.018    -.2129486   -.0201064
           6  |   -.032925   .0249546    -1.32   0.187    -.0818353    .0159853
           7  |   .0028071   .0581561     0.05   0.962    -.1111771    .1167913
           8  |  -.0384484   .0180317    -2.13   0.033    -.0737899   -.0031069
           9  |  -.1442128   .0401978    -3.59   0.000    -.2229993   -.0654262
          10  |   .0358085    .055527     0.64   0.519    -.0730228    .1446398
          12  |  -.1601222   .0342008    -4.68   0.000    -.2271548   -.0930896
          14  |  -.1074167   .0610185    -1.76   0.078    -.2270112    .0121777
          15  |  -.4227227   .1078632    -3.92   0.000    -.6341314    -.211314
          16  |  -.0935783   .0214501    -4.36   0.000    -.1356199   -.0515366
          18  |  -.2417666   .0662854    -3.65   0.000    -.3716839   -.1118492
          20  |  -.6775939   .1830615    -3.70   0.000    -1.036389   -.3187989
          21  |  -.1944981   .0609427    -3.19   0.001     -.313944   -.0750521
          24  |  -.2004102   .0247735    -8.09   0.000    -.2489654   -.1518549
          28  |  -.1878243   .0670584    -2.80   0.005    -.3192568   -.0563918
          32  |  -.1798785   .0337417    -5.33   0.000    -.2460112   -.1137458
              |
 region_clean |
           2  |  -.0276091   .0090071    -3.07   0.002    -.0452628   -.0099554
           3  |  -.0098679   .0070697    -1.40   0.163    -.0237242    .0039885
           4  |  -.0068469   .0072209    -0.95   0.343    -.0209997    .0073058
              |
    bpl_clean |  -.0065855   .0274178    -0.24   0.810    -.0603236    .0471526
        _cons |   9.220041   .0387629   237.86   0.000     9.144066    9.296015
-------------------------------------------------------------------------------

. 
end of do-file

