-----------------------------------------------------------------------------------------
      name:  <unnamed>
       log:  C:\Users\A.Melguizo001\Desktop\econometrics project\project_v2.log
  log type:  text
 opened on:  20 May 2026, 16:48:10

. capture ssc install estout

. 
. import delimited "econometrics_immigrants_v3.csv", clear
(encoding automatically selected: ISO-8859-1)
(31 vars, 415,921 obs)

. 
. 
. 
. //**********************************************************
. // basic regression:
. gen ln_inctot = log(inctot_clean)

. 
. gen ln_wage = log(incwage_clean)
(70,621 missing values generated)

. 
. eststo r1: reg ln_inctot ageatimmig, r

Linear regression                               Number of obs     =    415,921
                                                F(1, 415919)      =    2063.19
                                                Prob > F          =     0.0000
                                                R-squared         =     0.0049
                                                Root MSE          =     1.6201

------------------------------------------------------------------------------
             |               Robust
   ln_inctot | Coefficient  std. err.      t    P>|t|     [95% conf. interval]
-------------+----------------------------------------------------------------
  ageatimmig |  -.0097562   .0002148   -45.42   0.000    -.0101771   -.0093352
       _cons |   9.945323    .005279  1883.96   0.000     9.934976     9.95567
------------------------------------------------------------------------------

. 
. eststo r2: reg ln_wage ageatimmig, r

Linear regression                               Number of obs     =    345,300
                                                F(1, 345298)      =    1820.56
                                                Prob > F          =     0.0000
                                                R-squared         =     0.0053
                                                Root MSE          =     .97409

------------------------------------------------------------------------------
             |               Robust
     ln_wage | Coefficient  std. err.      t    P>|t|     [95% conf. interval]
-------------+----------------------------------------------------------------
  ageatimmig |  -.0061841   .0001449   -42.67   0.000    -.0064682      -.0059
       _cons |   10.14026   .0035751  2836.34   0.000     10.13325    10.14726
------------------------------------------------------------------------------

. 
. //
. //**********************************************************
. 
. 
. 
. 
. 
. //**********************************************************
. //var cleaning and generating
. 
. replace hisp_clean = "." if hisp_clean == "NA"
(159 real changes made)

. destring hisp_clean, replace
hisp_clean: all characters numeric; replaced as byte
(159 missing values generated)

. 
. replace nativity_clean = "." if nativity_clean == "NA"
(4,190 real changes made)

. destring nativity_clean, replace
nativity_clean: all characters numeric; replaced as byte
(4190 missing values generated)

. 
. gen sq_ysi = years_since_immig^2

. 
. gen empXsex = sex_clean * empstat_clean

. 
. //
. //**********************************************************
. 
. 
. 
. 
. //**********************************************************
. //more complex regressions: 
. 
. eststo r3: reg ln_wage ageatimmig years_since_immig sq_ysi i.hisp_clean i.race_clean i.
> educ_clean i.citizen_clean i.region_clean bpl_clean sex_clean i.empstat_clean uhrsworkt
> , r

Linear regression                               Number of obs     =    345,182
                                                F(30, 345151)     =    4471.74
                                                Prob > F          =     0.0000
                                                R-squared         =     0.3040
                                                Root MSE          =     .81484

-----------------------------------------------------------------------------------
                  |               Robust
          ln_wage | Coefficient  std. err.      t    P>|t|     [95% conf. interval]
------------------+----------------------------------------------------------------
       ageatimmig |   .0007247   .0001631     4.44   0.000     .0004051    .0010444
years_since_immig |   .0193901   .0004392    44.15   0.000     .0185292     .020251
           sq_ysi |  -.0001981   8.37e-06   -23.68   0.000    -.0002145   -.0001817
                  |
       hisp_clean |
               1  |  -.1742706   .0049992   -34.86   0.000    -.1840688   -.1644723
               2  |  -.1005597   .0185158    -5.43   0.000      -.13685   -.0642693
               3  |  -.1442716   .0097941   -14.73   0.000    -.1634678   -.1250754
               4  |   -.182234   .0133351   -13.67   0.000    -.2083703   -.1560977
               5  |  -.1162031   .0117161    -9.92   0.000    -.1391664   -.0932399
               6  |  -.1603274   .0097696   -16.41   0.000    -.1794756   -.1411792
               7  |  -.1526668   .0094972   -16.07   0.000     -.171281   -.1340525
               8  |  -.1481827   .0053691   -27.60   0.000    -.1587061   -.1376594
                  |
       race_clean |
               2  |  -.0958672   .0056033   -17.11   0.000    -.1068496   -.0848848
               3  |  -.0642932   .0147388    -4.36   0.000    -.0931808   -.0354056
               4  |  -.0318828   .0046898    -6.80   0.000    -.0410747   -.0226909
               5  |   -.027974    .012903    -2.17   0.030    -.0532636   -.0026845
                  |
       educ_clean |
               1  |   .1800062    .003826    47.05   0.000     .1725074     .187505
               2  |   .3250993   .0046489    69.93   0.000     .3159875     .334211
               3  |    .679529   .0049773   136.53   0.000     .6697736    .6892844
               4  |   1.079989   .0055494   194.61   0.000     1.069113    1.090866
                  |
    citizen_clean |
               1  |  -.0036026   .0080452    -0.45   0.654     -.019371    .0121659
               2  |    .108967   .0033997    32.05   0.000     .1023037    .1156302
                  |
     region_clean |
               2  |  -.0545639   .0052635   -10.37   0.000    -.0648801   -.0442476
               3  |  -.0343175   .0041316    -8.31   0.000    -.0424153   -.0262197
               4  |  -.0333377   .0042218    -7.90   0.000    -.0416122   -.0250631
                  |
        bpl_clean |  -.0383747   .0183887    -2.09   0.037    -.0744161   -.0023334
        sex_clean |  -.4377159   .0028665  -152.70   0.000    -.4433341   -.4320977
                  |
    empstat_clean |
               1  |   .4544833   .0117208    38.78   0.000     .4315109    .4774558
               2  |   .6551132   .0184288    35.55   0.000     .6189932    .6912332
               3  |  -.3269673   .0145066   -22.54   0.000    -.3553998   -.2985347
                  |
        uhrsworkt |  -.0001362   7.47e-06   -18.24   0.000    -.0001508   -.0001216
            _cons |   9.254249   .0238927   387.33   0.000      9.20742    9.301078
-----------------------------------------------------------------------------------

. 
. //
. //**********************************************************
. 
. 
. esttab

------------------------------------------------------------
                      (1)             (2)             (3)   
                ln_inctot         ln_wage         ln_wage   
------------------------------------------------------------
ageatimmig       -0.00976***     -0.00618***     0.000725***
                 (-45.42)        (-42.67)          (4.44)   

years_sinc~g                                       0.0194***
                                                  (44.15)   

sq_ysi                                          -0.000198***
                                                 (-23.68)   

0.hisp_clean                                            0   
                                                      (.)   

1.hisp_clean                                       -0.174***
                                                 (-34.86)   

2.hisp_clean                                       -0.101***
                                                  (-5.43)   

3.hisp_clean                                       -0.144***
                                                 (-14.73)   

4.hisp_clean                                       -0.182***
                                                 (-13.67)   

5.hisp_clean                                       -0.116***
                                                  (-9.92)   

6.hisp_clean                                       -0.160***
                                                 (-16.41)   

7.hisp_clean                                       -0.153***
                                                 (-16.07)   

8.hisp_clean                                       -0.148***
                                                 (-27.60)   

1.race_clean                                            0   
                                                      (.)   

2.race_clean                                      -0.0959***
                                                 (-17.11)   

3.race_clean                                      -0.0643***
                                                  (-4.36)   

4.race_clean                                      -0.0319***
                                                  (-6.80)   

5.race_clean                                      -0.0280*  
                                                  (-2.17)   

0.educ_clean                                            0   
                                                      (.)   

1.educ_clean                                        0.180***
                                                  (47.05)   

2.educ_clean                                        0.325***
                                                  (69.93)   

3.educ_clean                                        0.680***
                                                 (136.53)   

4.educ_clean                                        1.080***
                                                 (194.61)   

0.citizen_~n                                            0   
                                                      (.)   

1.citizen_~n                                     -0.00360   
                                                  (-0.45)   

2.citizen_~n                                        0.109***
                                                  (32.05)   

1.region_c~n                                            0   
                                                      (.)   

2.region_c~n                                      -0.0546***
                                                 (-10.37)   

3.region_c~n                                      -0.0343***
                                                  (-8.31)   

4.region_c~n                                      -0.0333***
                                                  (-7.90)   

bpl_clean                                         -0.0384*  
                                                  (-2.09)   

sex_clean                                          -0.438***
                                                (-152.70)   

0.empstat_~n                                            0   
                                                      (.)   

1.empstat_~n                                        0.454***
                                                  (38.78)   

2.empstat_~n                                        0.655***
                                                  (35.55)   

3.empstat_~n                                       -0.327***
                                                 (-22.54)   

uhrsworkt                                       -0.000136***
                                                 (-18.24)   

_cons               9.945***        10.14***        9.254***
                (1883.96)       (2836.34)        (387.33)   
------------------------------------------------------------
N                  415921          345300          345182   
------------------------------------------------------------
t statistics in parentheses
* p<0.05, ** p<0.01, *** p<0.001

. 
end of do-file

